e:\jiao\projects\vs\c++\jiao_kinect\windowssdk\depthfilterbydll\x64\debug\vc120.pdb
e:\jiao\projects\vs\c++\jiao_kinect\windowssdk\depthfilterbydll\x64\debug\vc120.idb
e:\jiao\projects\vs\c++\jiao_kinect\windowssdk\depthfilterbydll\x64\debug\源.obj
e:\jiao\projects\vs\c++\jiao_kinect\windowssdk\x64\debug\depthfilterbydll.ilk
e:\jiao\projects\vs\c++\jiao_kinect\windowssdk\x64\debug\depthfilterbydll.exe
e:\jiao\projects\vs\c++\jiao_kinect\windowssdk\depthfilterbydll\x64\debug\depthfilterbydll.exe.intermediate.manifest
e:\jiao\projects\vs\c++\jiao_kinect\windowssdk\x64\debug\depthfilterbydll.pdb
e:\jiao\projects\vs\c++\jiao_kinect\windowssdk\x64\debug\depthfilterbydll.exe.manifest
e:\jiao\projects\vs\cpp\jiao_kinect\windowssdk\depthfilterbydll\x64\debug\源.obj
e:\jiao\projects\vs\cpp\jiao_kinect\windowssdk\depthfilterbydll\x64\debug\depthfilterbydll.exe.intermediate.manifest
e:\jiao\projects\vs\cpp\jiao_kinect\windowssdk\depthfilterbydll\x64\debug\vc120.idb
e:\jiao\projects\vs\cpp\jiao_kinect\windowssdk\depthfilterbydll\x64\debug\vc120.pdb
e:\jiao\projects\vs\cpp\jiao_kinect\windowssdk\x64\debug\depthfilterbydll.exe.manifest
e:\jiao\projects\vs\cpp\jiao_kinect\windowssdk\x64\debug\depthfilterbydll.pdb
e:\jiao\projects\vs\cpp\jiao_kinect\windowssdk\x64\debug\depthfilterbydll.exe
e:\jiao\projects\vs\cpp\jiao_kinect\windowssdk\x64\debug\depthfilterbydll.ilk
e:\jiao\projects\vs\cpp\jiao_kinect\windowssdk\depthfilterbydll\x64\debug\depthfilterbydll.tlog\cl.command.1.tlog
e:\jiao\projects\vs\cpp\jiao_kinect\windowssdk\depthfilterbydll\x64\debug\depthfilterbydll.tlog\cl.read.1.tlog
e:\jiao\projects\vs\cpp\jiao_kinect\windowssdk\depthfilterbydll\x64\debug\depthfilterbydll.tlog\cl.write.1.tlog
e:\jiao\projects\vs\cpp\jiao_kinect\windowssdk\depthfilterbydll\x64\debug\depthfilterbydll.tlog\link.command.1.tlog
e:\jiao\projects\vs\cpp\jiao_kinect\windowssdk\depthfilterbydll\x64\debug\depthfilterbydll.tlog\link.read.1.tlog
e:\jiao\projects\vs\cpp\jiao_kinect\windowssdk\depthfilterbydll\x64\debug\depthfilterbydll.tlog\link.write.1.tlog
e:\jiao\projects\vs\cpp\jiao_kinect\windowssdk\depthfilterbydll\x64\debug\depthfilterbydll.tlog\mt.command.1.tlog
e:\jiao\projects\vs\cpp\jiao_kinect\windowssdk\depthfilterbydll\x64\debug\depthfilterbydll.tlog\mt.read.1.tlog
e:\jiao\projects\vs\cpp\jiao_kinect\windowssdk\depthfilterbydll\x64\debug\depthfilterbydll.tlog\mt.write.1.tlog
