e:\jiao\projects\vs\mylibfreenect\mlibfreenectdll\x64\debug\vc120.pdb
e:\jiao\projects\vs\mylibfreenect\mlibfreenectdll\x64\debug\vc120.idb
e:\jiao\projects\vs\mylibfreenect\mlibfreenectdll\x64\debug\mylibfreenectdll.obj
e:\jiao\projects\vs\mylibfreenect\x64\debug\mlibfreenectdll.ilk
e:\jiao\projects\vs\mylibfreenect\x64\debug\mlibfreenectdll.dll
e:\jiao\projects\vs\mylibfreenect\mlibfreenectdll\x64\debug\mlibfreenectdll.dll.intermediate.manifest
e:\jiao\projects\vs\mylibfreenect\x64\debug\mlibfreenectdll.pdb
e:\jiao\projects\vs\mylibfreenect\x64\debug\mlibfreenectdll.lib
e:\jiao\projects\vs\mylibfreenect\x64\debug\mlibfreenectdll.exp
e:\jiao\projects\vs\mylibfreenect\x64\debug\mlibfreenectdll.dll.manifest
e:\jiao\projects\vs\mylibfreenect\mlibfreenectdll\x64\debug\mlibfreenectdll.tlog\cl.command.1.tlog
e:\jiao\projects\vs\mylibfreenect\mlibfreenectdll\x64\debug\mlibfreenectdll.tlog\cl.read.1.tlog
e:\jiao\projects\vs\mylibfreenect\mlibfreenectdll\x64\debug\mlibfreenectdll.tlog\cl.write.1.tlog
e:\jiao\projects\vs\mylibfreenect\mlibfreenectdll\x64\debug\mlibfreenectdll.tlog\link.command.1.tlog
e:\jiao\projects\vs\mylibfreenect\mlibfreenectdll\x64\debug\mlibfreenectdll.tlog\link.read.1.tlog
e:\jiao\projects\vs\mylibfreenect\mlibfreenectdll\x64\debug\mlibfreenectdll.tlog\link.write.1.tlog
e:\jiao\projects\vs\mylibfreenect\mlibfreenectdll\x64\debug\mlibfreenectdll.tlog\mlibfreenectdll.write.1u.tlog
e:\jiao\projects\vs\mylibfreenect\mlibfreenectdll\x64\debug\mlibfreenectdll.tlog\mt.command.1.tlog
e:\jiao\projects\vs\mylibfreenect\mlibfreenectdll\x64\debug\mlibfreenectdll.tlog\mt.read.1.tlog
e:\jiao\projects\vs\mylibfreenect\mlibfreenectdll\x64\debug\mlibfreenectdll.tlog\mt.write.1.tlog
